<?xml version="1.0" encoding="UTF-8"?>
<!-- Generated by org.testng.reporters.JUnitXMLReporter -->
<testsuite ignored="0" hostname="VICKY" failures="0" tests="3" name="Default test" time="73.914" errors="0" timestamp="2024-07-01T16:20:53 IST">
  <testcase classname="OpenCart.main.endToEndFlow" name="fullTest" time="21.65"/>
  <testcase classname="OpenCart.main.endToEndFlow" name="fullTest" time="21.87"/>
  <testcase classname="OpenCart.main.endToEndFlow" name="fullTest" time="23.328"/>
</testsuite> <!-- Default test -->
