<?xml version="1.0" encoding="UTF-8"?>
<testng-results ignored="0" total="1" passed="1" failed="0" skipped="0">
  <reporter-output>
  </reporter-output>
  <suite started-at="2024-04-19T20:04:50 IST" name="Default suite" finished-at="2024-04-19T20:04:56 IST" duration-ms="5944">
    <groups>
    </groups>
    <test started-at="2024-04-19T20:04:50 IST" name="Default test" finished-at="2024-04-19T20:04:56 IST" duration-ms="5944">
      <class name="OpenCart.main.loginFlow">
        <test-method is-config="true" signature="upWebsite()[pri:0, instance:OpenCart.main.loginFlow@35aea049]" started-at="2024-04-19T20:04:50 IST" name="upWebsite" finished-at="2024-04-19T20:04:53 IST" duration-ms="2840" status="PASS">
          <reporter-output>
          </reporter-output>
        </test-method> <!-- upWebsite -->
        <test-method signature="loginTest(java.lang.String,java.lang.String)[pri:0, instance:OpenCart.main.loginFlow@35aea049]" started-at="2024-04-19T20:04:53 IST" name="loginTest" data-provider="loginCredentials" finished-at="2024-04-19T20:04:56 IST" duration-ms="2905" status="PASS">
          <params>
            <param index="0">
              <value>
                <![CDATA[olivia174@gmail.com]]>
              </value>
            </param>
            <param index="1">
              <value>
                <![CDATA[1234567]]>
              </value>
            </param>
          </params>
          <reporter-output>
          </reporter-output>
        </test-method> <!-- loginTest -->
        <test-method is-config="true" signature="closeWeb()[pri:0, instance:OpenCart.main.loginFlow@35aea049]" started-at="2024-04-19T20:04:56 IST" name="closeWeb" finished-at="2024-04-19T20:04:56 IST" duration-ms="157" status="PASS">
          <reporter-output>
          </reporter-output>
        </test-method> <!-- closeWeb -->
      </class> <!-- OpenCart.main.loginFlow -->
    </test> <!-- Default test -->
  </suite> <!-- Default suite -->
</testng-results>
